 
查询条件 {'source': '1', 'platform': 'all', 'parent_platform': '3', 'bd_id': 'all', 'shop_type': 'all', 'sale_type': 'sd', 'eliminate_type': 'all', 'date_type': 'h', 'date': '2020-12-18 12'}
经营分析-收订金额钻取
经营分析-收订订单量钻取
经营分析-收订包裹数钻取
经营分析-收订单均价钻取
{'trend': "[{'06点': (160.27, 160.28)}]"}
xxxxxxxxxxxxxxxxxxxxxxxxxxxxxxxxxxxxxxxx-Fail-xxxxxxxxxxxxxxxxxxxxxxxxxxxxxxxxxxxxxxxxxxxxxxxxxxxxxxx
经营分析-收订客单价钻取
{'trend': "[{'03点': (186.87, 186.88)}]"}
xxxxxxxxxxxxxxxxxxxxxxxxxxxxxxxxxxxxxxxx-Fail-xxxxxxxxxxxxxxxxxxxxxxxxxxxxxxxxxxxxxxxxxxxxxxxxxxxxxxx
 
查询条件 {'source': '1', 'platform': 'all', 'parent_platform': '3', 'bd_id': 'all', 'shop_type': 'all', 'sale_type': 'zf', 'eliminate_type': 'all', 'date_type': 'h', 'date': '2020-12-18 12'}
经营分析-支付金额钻取
经营分析-支付订单量钻取
经营分析-支付包裹数钻取
经营分析-支付单均价钻取
{'trend': "[{'02点': (195.17, 195.18)}]"}
xxxxxxxxxxxxxxxxxxxxxxxxxxxxxxxxxxxxxxxx-Fail-xxxxxxxxxxxxxxxxxxxxxxxxxxxxxxxxxxxxxxxxxxxxxxxxxxxxxxx
经营分析-支付客单价钻取
{'trend': "[{'02点': (195.17, 195.18)}]"}
xxxxxxxxxxxxxxxxxxxxxxxxxxxxxxxxxxxxxxxx-Fail-xxxxxxxxxxxxxxxxxxxxxxxxxxxxxxxxxxxxxxxxxxxxxxxxxxxxxxx
 
查询条件 {'source': '1', 'platform': 'all', 'parent_platform': '3', 'bd_id': 'all', 'shop_type': 'all', 'sale_type': 'ck', 'eliminate_type': 'all', 'date_type': 'h', 'date': '2020-12-18 12'}
经营分析-出库金额钻取
经营分析-出库订单量钻取
经营分析-出库包裹数钻取
经营分析-出库单均价钻取
经营分析-出库客单价钻取
 
查询条件 {'source': '1', 'platform': 'all', 'parent_platform': '3', 'bd_id': 'all', 'shop_type': '1', 'sale_type': 'sd', 'eliminate_type': 'all', 'date_type': 'h', 'date': '2020-12-18 12'}
经营分析-收订金额钻取
经营分析-收订订单量钻取
经营分析-收订包裹数钻取
经营分析-收订单均价钻取
经营分析-收订客单价钻取
 
查询条件 {'source': '1', 'platform': 'all', 'parent_platform': '3', 'bd_id': 'all', 'shop_type': '1', 'sale_type': 'zf', 'eliminate_type': 'all', 'date_type': 'h', 'date': '2020-12-18 12'}
经营分析-支付金额钻取
经营分析-支付订单量钻取
经营分析-支付包裹数钻取
经营分析-支付单均价钻取
经营分析-支付客单价钻取
 
查询条件 {'source': '1', 'platform': 'all', 'parent_platform': '3', 'bd_id': 'all', 'shop_type': '1', 'sale_type': 'ck', 'eliminate_type': 'all', 'date_type': 'h', 'date': '2020-12-18 12'}
经营分析-出库金额钻取
经营分析-出库订单量钻取
经营分析-出库包裹数钻取
经营分析-出库单均价钻取
经营分析-出库客单价钻取
 
查询条件 {'source': '1', 'platform': 'all', 'parent_platform': '3', 'bd_id': 'all', 'shop_type': '2', 'sale_type': 'sd', 'eliminate_type': 'all', 'date_type': 'h', 'date': '2020-12-18 12'}
经营分析-收订金额钻取
经营分析-收订订单量钻取
经营分析-收订包裹数钻取
经营分析-收订单均价钻取
经营分析-收订客单价钻取
 
查询条件 {'source': '1', 'platform': 'all', 'parent_platform': '3', 'bd_id': 'all', 'shop_type': '2', 'sale_type': 'zf', 'eliminate_type': 'all', 'date_type': 'h', 'date': '2020-12-18 12'}
经营分析-支付金额钻取
经营分析-支付订单量钻取
经营分析-支付包裹数钻取
经营分析-支付单均价钻取
经营分析-支付客单价钻取
 
查询条件 {'source': '1', 'platform': 'all', 'parent_platform': '3', 'bd_id': 'all', 'shop_type': '2', 'sale_type': 'ck', 'eliminate_type': 'all', 'date_type': 'h', 'date': '2020-12-18 12'}
经营分析-出库金额钻取
经营分析-出库订单量钻取
经营分析-出库包裹数钻取
经营分析-出库单均价钻取
经营分析-出库客单价钻取
 
查询条件 {'source': '1', 'platform': 'all', 'parent_platform': '3', 'bd_id': '1', 'shop_type': 'all', 'sale_type': 'sd', 'eliminate_type': 'all', 'date_type': 'h', 'date': '2020-12-18 12'}
经营分析-收订金额钻取
经营分析-收订订单量钻取
经营分析-收订包裹数钻取
经营分析-收订单均价钻取
经营分析-收订客单价钻取
 
查询条件 {'source': '1', 'platform': 'all', 'parent_platform': '3', 'bd_id': '1', 'shop_type': 'all', 'sale_type': 'zf', 'eliminate_type': 'all', 'date_type': 'h', 'date': '2020-12-18 12'}
经营分析-支付金额钻取
经营分析-支付订单量钻取
经营分析-支付包裹数钻取
经营分析-支付单均价钻取
{'trend': "[{'06点': (160.27, 160.28)}]"}
xxxxxxxxxxxxxxxxxxxxxxxxxxxxxxxxxxxxxxxx-Fail-xxxxxxxxxxxxxxxxxxxxxxxxxxxxxxxxxxxxxxxxxxxxxxxxxxxxxxx
经营分析-支付客单价钻取
 
查询条件 {'source': '1', 'platform': 'all', 'parent_platform': '3', 'bd_id': '1', 'shop_type': 'all', 'sale_type': 'ck', 'eliminate_type': 'all', 'date_type': 'h', 'date': '2020-12-18 12'}
经营分析-出库金额钻取
经营分析-出库订单量钻取
经营分析-出库包裹数钻取
经营分析-出库单均价钻取
经营分析-出库客单价钻取
 
查询条件 {'source': '1', 'platform': 'all', 'parent_platform': '3', 'bd_id': '1', 'shop_type': '1', 'sale_type': 'sd', 'eliminate_type': 'all', 'date_type': 'h', 'date': '2020-12-18 12'}
经营分析-收订金额钻取
经营分析-收订订单量钻取
经营分析-收订包裹数钻取
经营分析-收订单均价钻取
经营分析-收订客单价钻取
 
查询条件 {'source': '1', 'platform': 'all', 'parent_platform': '3', 'bd_id': '1', 'shop_type': '1', 'sale_type': 'zf', 'eliminate_type': 'all', 'date_type': 'h', 'date': '2020-12-18 12'}
经营分析-支付金额钻取
经营分析-支付订单量钻取
经营分析-支付包裹数钻取
经营分析-支付单均价钻取
经营分析-支付客单价钻取
 
查询条件 {'source': '1', 'platform': 'all', 'parent_platform': '3', 'bd_id': '1', 'shop_type': '1', 'sale_type': 'ck', 'eliminate_type': 'all', 'date_type': 'h', 'date': '2020-12-18 12'}
经营分析-出库金额钻取
经营分析-出库订单量钻取
经营分析-出库包裹数钻取
经营分析-出库单均价钻取
经营分析-出库客单价钻取
 
查询条件 {'source': '1', 'platform': 'all', 'parent_platform': '3', 'bd_id': '1', 'shop_type': '2', 'sale_type': 'sd', 'eliminate_type': 'all', 'date_type': 'h', 'date': '2020-12-18 12'}
经营分析-收订金额钻取
经营分析-收订订单量钻取
经营分析-收订包裹数钻取
经营分析-收订单均价钻取
经营分析-收订客单价钻取
 
查询条件 {'source': '1', 'platform': 'all', 'parent_platform': '3', 'bd_id': '1', 'shop_type': '2', 'sale_type': 'zf', 'eliminate_type': 'all', 'date_type': 'h', 'date': '2020-12-18 12'}
经营分析-支付金额钻取
经营分析-支付订单量钻取
经营分析-支付包裹数钻取
经营分析-支付单均价钻取
经营分析-支付客单价钻取
 
查询条件 {'source': '1', 'platform': 'all', 'parent_platform': '3', 'bd_id': '1', 'shop_type': '2', 'sale_type': 'ck', 'eliminate_type': 'all', 'date_type': 'h', 'date': '2020-12-18 12'}
经营分析-出库金额钻取
经营分析-出库订单量钻取
经营分析-出库包裹数钻取
经营分析-出库单均价钻取
经营分析-出库客单价钻取
 
查询条件 {'source': '1', 'platform': 'all', 'parent_platform': '3', 'bd_id': '2', 'shop_type': 'all', 'sale_type': 'sd', 'eliminate_type': 'all', 'date_type': 'h', 'date': '2020-12-18 12'}
经营分析-收订金额钻取
经营分析-收订订单量钻取
经营分析-收订包裹数钻取
经营分析-收订单均价钻取
经营分析-收订客单价钻取
{'customer': "[{'新客': (420.93, 420.92)}]"}
xxxxxxxxxxxxxxxxxxxxxxxxxxxxxxxxxxxxxxxx-Fail-xxxxxxxxxxxxxxxxxxxxxxxxxxxxxxxxxxxxxxxxxxxxxxxxxxxxxxx
 
查询条件 {'source': '1', 'platform': 'all', 'parent_platform': '3', 'bd_id': '2', 'shop_type': 'all', 'sale_type': 'zf', 'eliminate_type': 'all', 'date_type': 'h', 'date': '2020-12-18 12'}
经营分析-支付金额钻取
经营分析-支付订单量钻取
经营分析-支付包裹数钻取
经营分析-支付单均价钻取
经营分析-支付客单价钻取
 
查询条件 {'source': '1', 'platform': 'all', 'parent_platform': '3', 'bd_id': '2', 'shop_type': 'all', 'sale_type': 'ck', 'eliminate_type': 'all', 'date_type': 'h', 'date': '2020-12-18 12'}
经营分析-出库金额钻取
经营分析-出库订单量钻取
经营分析-出库包裹数钻取
经营分析-出库单均价钻取
经营分析-出库客单价钻取
 
查询条件 {'source': '1', 'platform': 'all', 'parent_platform': '3', 'bd_id': '2', 'shop_type': '1', 'sale_type': 'sd', 'eliminate_type': 'all', 'date_type': 'h', 'date': '2020-12-18 12'}
经营分析-收订金额钻取
经营分析-收订订单量钻取
经营分析-收订包裹数钻取
经营分析-收订单均价钻取
经营分析-收订客单价钻取
 
查询条件 {'source': '1', 'platform': 'all', 'parent_platform': '3', 'bd_id': '2', 'shop_type': '1', 'sale_type': 'zf', 'eliminate_type': 'all', 'date_type': 'h', 'date': '2020-12-18 12'}
经营分析-支付金额钻取
经营分析-支付订单量钻取
经营分析-支付包裹数钻取
经营分析-支付单均价钻取
经营分析-支付客单价钻取
 
查询条件 {'source': '1', 'platform': 'all', 'parent_platform': '3', 'bd_id': '2', 'shop_type': '1', 'sale_type': 'ck', 'eliminate_type': 'all', 'date_type': 'h', 'date': '2020-12-18 12'}
经营分析-出库金额钻取
经营分析-出库订单量钻取
经营分析-出库包裹数钻取
经营分析-出库单均价钻取
经营分析-出库客单价钻取
 
查询条件 {'source': '1', 'platform': 'all', 'parent_platform': '3', 'bd_id': '2', 'shop_type': '2', 'sale_type': 'sd', 'eliminate_type': 'all', 'date_type': 'h', 'date': '2020-12-18 12'}
经营分析-收订金额钻取
经营分析-收订订单量钻取
经营分析-收订包裹数钻取
经营分析-收订单均价钻取
经营分析-收订客单价钻取
{'customer': "[{'新客': (420.92, 420.93)}]"}
xxxxxxxxxxxxxxxxxxxxxxxxxxxxxxxxxxxxxxxx-Fail-xxxxxxxxxxxxxxxxxxxxxxxxxxxxxxxxxxxxxxxxxxxxxxxxxxxxxxx
 
查询条件 {'source': '1', 'platform': 'all', 'parent_platform': '3', 'bd_id': '2', 'shop_type': '2', 'sale_type': 'zf', 'eliminate_type': 'all', 'date_type': 'h', 'date': '2020-12-18 12'}
经营分析-支付金额钻取
经营分析-支付订单量钻取
经营分析-支付包裹数钻取
经营分析-支付单均价钻取
经营分析-支付客单价钻取
 
查询条件 {'source': '1', 'platform': 'all', 'parent_platform': '3', 'bd_id': '2', 'shop_type': '2', 'sale_type': 'ck', 'eliminate_type': 'all', 'date_type': 'h', 'date': '2020-12-18 12'}
经营分析-出库金额钻取
经营分析-出库订单量钻取
经营分析-出库包裹数钻取
经营分析-出库单均价钻取
经营分析-出库客单价钻取
 
查询条件 {'source': '1', 'platform': 'all', 'parent_platform': '3', 'bd_id': '4', 'shop_type': 'all', 'sale_type': 'sd', 'eliminate_type': 'all', 'date_type': 'h', 'date': '2020-12-18 12'}
经营分析-收订金额钻取
经营分析-收订订单量钻取
经营分析-收订包裹数钻取
经营分析-收订单均价钻取
经营分析-收订客单价钻取
 
查询条件 {'source': '1', 'platform': 'all', 'parent_platform': '3', 'bd_id': '4', 'shop_type': 'all', 'sale_type': 'zf', 'eliminate_type': 'all', 'date_type': 'h', 'date': '2020-12-18 12'}
经营分析-支付金额钻取
经营分析-支付订单量钻取
经营分析-支付包裹数钻取
经营分析-支付单均价钻取
经营分析-支付客单价钻取
 
查询条件 {'source': '1', 'platform': 'all', 'parent_platform': '3', 'bd_id': '4', 'shop_type': 'all', 'sale_type': 'ck', 'eliminate_type': 'all', 'date_type': 'h', 'date': '2020-12-18 12'}
经营分析-出库金额钻取
经营分析-出库订单量钻取
经营分析-出库包裹数钻取
经营分析-出库单均价钻取
经营分析-出库客单价钻取
 
查询条件 {'source': '1', 'platform': 'all', 'parent_platform': '3', 'bd_id': '4', 'shop_type': '1', 'sale_type': 'sd', 'eliminate_type': 'all', 'date_type': 'h', 'date': '2020-12-18 12'}
经营分析-收订金额钻取
经营分析-收订订单量钻取
经营分析-收订包裹数钻取
经营分析-收订单均价钻取
经营分析-收订客单价钻取
 
查询条件 {'source': '1', 'platform': 'all', 'parent_platform': '3', 'bd_id': '4', 'shop_type': '1', 'sale_type': 'zf', 'eliminate_type': 'all', 'date_type': 'h', 'date': '2020-12-18 12'}
经营分析-支付金额钻取
经营分析-支付订单量钻取
经营分析-支付包裹数钻取
经营分析-支付单均价钻取
经营分析-支付客单价钻取
 
查询条件 {'source': '1', 'platform': 'all', 'parent_platform': '3', 'bd_id': '4', 'shop_type': '1', 'sale_type': 'ck', 'eliminate_type': 'all', 'date_type': 'h', 'date': '2020-12-18 12'}
经营分析-出库金额钻取
经营分析-出库订单量钻取
经营分析-出库包裹数钻取
经营分析-出库单均价钻取
经营分析-出库客单价钻取
 
查询条件 {'source': '1', 'platform': 'all', 'parent_platform': '3', 'bd_id': '4', 'shop_type': '2', 'sale_type': 'sd', 'eliminate_type': 'all', 'date_type': 'h', 'date': '2020-12-18 12'}
经营分析-收订金额钻取
经营分析-收订订单量钻取
经营分析-收订包裹数钻取
经营分析-收订单均价钻取
经营分析-收订客单价钻取
 
查询条件 {'source': '1', 'platform': 'all', 'parent_platform': '3', 'bd_id': '4', 'shop_type': '2', 'sale_type': 'zf', 'eliminate_type': 'all', 'date_type': 'h', 'date': '2020-12-18 12'}
经营分析-支付金额钻取
经营分析-支付订单量钻取
经营分析-支付包裹数钻取
经营分析-支付单均价钻取
经营分析-支付客单价钻取
 
查询条件 {'source': '1', 'platform': 'all', 'parent_platform': '3', 'bd_id': '4', 'shop_type': '2', 'sale_type': 'ck', 'eliminate_type': 'all', 'date_type': 'h', 'date': '2020-12-18 12'}
经营分析-出库金额钻取
经营分析-出库订单量钻取
经营分析-出库包裹数钻取
经营分析-出库单均价钻取
经营分析-出库客单价钻取
 
查询条件 {'source': 'all', 'platform': 'all', 'parent_platform': 'all', 'bd_id': 'all', 'shop_type': 'all', 'sale_type': 'sd', 'eliminate_type': 'all', 'date_type': 'h', 'date': '2020-12-18 12'}
经营分析-收订金额钻取
经营分析-收订订单量钻取
经营分析-收订包裹数钻取
经营分析-收订单均价钻取
经营分析-收订客单价钻取
 
查询条件 {'source': 'all', 'platform': 'all', 'parent_platform': 'all', 'bd_id': 'all', 'shop_type': 'all', 'sale_type': 'zf', 'eliminate_type': 'all', 'date_type': 'h', 'date': '2020-12-18 12'}
经营分析-支付金额钻取
经营分析-支付订单量钻取
经营分析-支付包裹数钻取
经营分析-支付单均价钻取
经营分析-支付客单价钻取
 
查询条件 {'source': 'all', 'platform': 'all', 'parent_platform': 'all', 'bd_id': 'all', 'shop_type': 'all', 'sale_type': 'ck', 'eliminate_type': 'all', 'date_type': 'h', 'date': '2020-12-18 12'}
经营分析-出库金额钻取
经营分析-出库订单量钻取
经营分析-出库包裹数钻取
经营分析-出库单均价钻取
经营分析-出库客单价钻取
 
查询条件 {'source': 'all', 'platform': 'all', 'parent_platform': 'all', 'bd_id': 'all', 'shop_type': '1', 'sale_type': 'sd', 'eliminate_type': 'all', 'date_type': 'h', 'date': '2020-12-18 12'}
经营分析-收订金额钻取
经营分析-收订订单量钻取
经营分析-收订包裹数钻取
经营分析-收订单均价钻取
经营分析-收订客单价钻取
 
查询条件 {'source': 'all', 'platform': 'all', 'parent_platform': 'all', 'bd_id': 'all', 'shop_type': '1', 'sale_type': 'zf', 'eliminate_type': 'all', 'date_type': 'h', 'date': '2020-12-18 12'}
经营分析-支付金额钻取
经营分析-支付订单量钻取
经营分析-支付包裹数钻取
经营分析-支付单均价钻取
经营分析-支付客单价钻取
 
查询条件 {'source': 'all', 'platform': 'all', 'parent_platform': 'all', 'bd_id': 'all', 'shop_type': '1', 'sale_type': 'ck', 'eliminate_type': 'all', 'date_type': 'h', 'date': '2020-12-18 12'}
经营分析-出库金额钻取
经营分析-出库订单量钻取
经营分析-出库包裹数钻取
经营分析-出库单均价钻取
经营分析-出库客单价钻取
 
查询条件 {'source': 'all', 'platform': 'all', 'parent_platform': 'all', 'bd_id': 'all', 'shop_type': '2', 'sale_type': 'sd', 'eliminate_type': 'all', 'date_type': 'h', 'date': '2020-12-18 12'}
经营分析-收订金额钻取
经营分析-收订订单量钻取
经营分析-收订包裹数钻取
经营分析-收订单均价钻取
经营分析-收订客单价钻取
 
查询条件 {'source': 'all', 'platform': 'all', 'parent_platform': 'all', 'bd_id': 'all', 'shop_type': '2', 'sale_type': 'zf', 'eliminate_type': 'all', 'date_type': 'h', 'date': '2020-12-18 12'}
经营分析-支付金额钻取
经营分析-支付订单量钻取
经营分析-支付包裹数钻取
经营分析-支付单均价钻取
经营分析-支付客单价钻取
 
查询条件 {'source': 'all', 'platform': 'all', 'parent_platform': 'all', 'bd_id': 'all', 'shop_type': '2', 'sale_type': 'ck', 'eliminate_type': 'all', 'date_type': 'h', 'date': '2020-12-18 12'}
经营分析-出库金额钻取
经营分析-出库订单量钻取
经营分析-出库包裹数钻取
经营分析-出库单均价钻取
经营分析-出库客单价钻取
 
查询条件 {'source': 'all', 'platform': 'all', 'parent_platform': 'all', 'bd_id': '1', 'shop_type': 'all', 'sale_type': 'sd', 'eliminate_type': 'all', 'date_type': 'h', 'date': '2020-12-18 12'}
经营分析-收订金额钻取
经营分析-收订订单量钻取
经营分析-收订包裹数钻取
经营分析-收订单均价钻取
经营分析-收订客单价钻取
 
查询条件 {'source': 'all', 'platform': 'all', 'parent_platform': 'all', 'bd_id': '1', 'shop_type': 'all', 'sale_type': 'zf', 'eliminate_type': 'all', 'date_type': 'h', 'date': '2020-12-18 12'}
经营分析-支付金额钻取
经营分析-支付订单量钻取
经营分析-支付包裹数钻取
经营分析-支付单均价钻取
经营分析-支付客单价钻取
 
查询条件 {'source': 'all', 'platform': 'all', 'parent_platform': 'all', 'bd_id': '1', 'shop_type': 'all', 'sale_type': 'ck', 'eliminate_type': 'all', 'date_type': 'h', 'date': '2020-12-18 12'}
经营分析-出库金额钻取
经营分析-出库订单量钻取
经营分析-出库包裹数钻取
经营分析-出库单均价钻取
经营分析-出库客单价钻取
 
查询条件 {'source': 'all', 'platform': 'all', 'parent_platform': 'all', 'bd_id': '1', 'shop_type': '1', 'sale_type': 'sd', 'eliminate_type': 'all', 'date_type': 'h', 'date': '2020-12-18 12'}
经营分析-收订金额钻取
经营分析-收订订单量钻取
经营分析-收订包裹数钻取
经营分析-收订单均价钻取
经营分析-收订客单价钻取
 
查询条件 {'source': 'all', 'platform': 'all', 'parent_platform': 'all', 'bd_id': '1', 'shop_type': '1', 'sale_type': 'zf', 'eliminate_type': 'all', 'date_type': 'h', 'date': '2020-12-18 12'}
经营分析-支付金额钻取
经营分析-支付订单量钻取
经营分析-支付包裹数钻取
经营分析-支付单均价钻取
经营分析-支付客单价钻取
 
查询条件 {'source': 'all', 'platform': 'all', 'parent_platform': 'all', 'bd_id': '1', 'shop_type': '1', 'sale_type': 'ck', 'eliminate_type': 'all', 'date_type': 'h', 'date': '2020-12-18 12'}
经营分析-出库金额钻取
经营分析-出库订单量钻取
经营分析-出库包裹数钻取
经营分析-出库单均价钻取
经营分析-出库客单价钻取
 
查询条件 {'source': 'all', 'platform': 'all', 'parent_platform': 'all', 'bd_id': '1', 'shop_type': '2', 'sale_type': 'sd', 'eliminate_type': 'all', 'date_type': 'h', 'date': '2020-12-18 12'}
经营分析-收订金额钻取
经营分析-收订订单量钻取
经营分析-收订包裹数钻取
经营分析-收订单均价钻取
经营分析-收订客单价钻取
 
查询条件 {'source': 'all', 'platform': 'all', 'parent_platform': 'all', 'bd_id': '1', 'shop_type': '2', 'sale_type': 'zf', 'eliminate_type': 'all', 'date_type': 'h', 'date': '2020-12-18 12'}
经营分析-支付金额钻取
经营分析-支付订单量钻取
经营分析-支付包裹数钻取
经营分析-支付单均价钻取
经营分析-支付客单价钻取
 
查询条件 {'source': 'all', 'platform': 'all', 'parent_platform': 'all', 'bd_id': '1', 'shop_type': '2', 'sale_type': 'ck', 'eliminate_type': 'all', 'date_type': 'h', 'date': '2020-12-18 12'}
经营分析-出库金额钻取
经营分析-出库订单量钻取
经营分析-出库包裹数钻取
经营分析-出库单均价钻取
经营分析-出库客单价钻取
 
查询条件 {'source': 'all', 'platform': 'all', 'parent_platform': 'all', 'bd_id': '2', 'shop_type': 'all', 'sale_type': 'sd', 'eliminate_type': 'all', 'date_type': 'h', 'date': '2020-12-18 12'}
经营分析-收订金额钻取
经营分析-收订订单量钻取
经营分析-收订包裹数钻取
经营分析-收订单均价钻取
经营分析-收订客单价钻取
 
查询条件 {'source': 'all', 'platform': 'all', 'parent_platform': 'all', 'bd_id': '2', 'shop_type': 'all', 'sale_type': 'zf', 'eliminate_type': 'all', 'date_type': 'h', 'date': '2020-12-18 12'}
经营分析-支付金额钻取
经营分析-支付订单量钻取
经营分析-支付包裹数钻取
经营分析-支付单均价钻取
经营分析-支付客单价钻取
 
查询条件 {'source': 'all', 'platform': 'all', 'parent_platform': 'all', 'bd_id': '2', 'shop_type': 'all', 'sale_type': 'ck', 'eliminate_type': 'all', 'date_type': 'h', 'date': '2020-12-18 12'}
经营分析-出库金额钻取
经营分析-出库订单量钻取
经营分析-出库包裹数钻取
经营分析-出库单均价钻取
经营分析-出库客单价钻取
 
查询条件 {'source': 'all', 'platform': 'all', 'parent_platform': 'all', 'bd_id': '2', 'shop_type': '1', 'sale_type': 'sd', 'eliminate_type': 'all', 'date_type': 'h', 'date': '2020-12-18 12'}
经营分析-收订金额钻取
经营分析-收订订单量钻取
经营分析-收订包裹数钻取
经营分析-收订单均价钻取
经营分析-收订客单价钻取
 
查询条件 {'source': 'all', 'platform': 'all', 'parent_platform': 'all', 'bd_id': '2', 'shop_type': '1', 'sale_type': 'zf', 'eliminate_type': 'all', 'date_type': 'h', 'date': '2020-12-18 12'}
经营分析-支付金额钻取
经营分析-支付订单量钻取
经营分析-支付包裹数钻取
经营分析-支付单均价钻取
经营分析-支付客单价钻取
 
查询条件 {'source': 'all', 'platform': 'all', 'parent_platform': 'all', 'bd_id': '2', 'shop_type': '1', 'sale_type': 'ck', 'eliminate_type': 'all', 'date_type': 'h', 'date': '2020-12-18 12'}
经营分析-出库金额钻取
经营分析-出库订单量钻取
经营分析-出库包裹数钻取
经营分析-出库单均价钻取
经营分析-出库客单价钻取
 
查询条件 {'source': 'all', 'platform': 'all', 'parent_platform': 'all', 'bd_id': '2', 'shop_type': '2', 'sale_type': 'sd', 'eliminate_type': 'all', 'date_type': 'h', 'date': '2020-12-18 12'}
经营分析-收订金额钻取
经营分析-收订订单量钻取
经营分析-收订包裹数钻取
经营分析-收订单均价钻取
经营分析-收订客单价钻取
 
查询条件 {'source': 'all', 'platform': 'all', 'parent_platform': 'all', 'bd_id': '2', 'shop_type': '2', 'sale_type': 'zf', 'eliminate_type': 'all', 'date_type': 'h', 'date': '2020-12-18 12'}
经营分析-支付金额钻取
经营分析-支付订单量钻取
经营分析-支付包裹数钻取
经营分析-支付单均价钻取
经营分析-支付客单价钻取
 
查询条件 {'source': 'all', 'platform': 'all', 'parent_platform': 'all', 'bd_id': '2', 'shop_type': '2', 'sale_type': 'ck', 'eliminate_type': 'all', 'date_type': 'h', 'date': '2020-12-18 12'}
经营分析-出库金额钻取
经营分析-出库订单量钻取
经营分析-出库包裹数钻取
经营分析-出库单均价钻取
经营分析-出库客单价钻取
 
查询条件 {'source': 'all', 'platform': 'all', 'parent_platform': 'all', 'bd_id': '4', 'shop_type': 'all', 'sale_type': 'sd', 'eliminate_type': 'all', 'date_type': 'h', 'date': '2020-12-18 12'}
经营分析-收订金额钻取
经营分析-收订订单量钻取
经营分析-收订包裹数钻取
经营分析-收订单均价钻取
经营分析-收订客单价钻取
 
查询条件 {'source': 'all', 'platform': 'all', 'parent_platform': 'all', 'bd_id': '4', 'shop_type': 'all', 'sale_type': 'zf', 'eliminate_type': 'all', 'date_type': 'h', 'date': '2020-12-18 12'}
经营分析-支付金额钻取
经营分析-支付订单量钻取
经营分析-支付包裹数钻取
经营分析-支付单均价钻取
经营分析-支付客单价钻取
 
查询条件 {'source': 'all', 'platform': 'all', 'parent_platform': 'all', 'bd_id': '4', 'shop_type': 'all', 'sale_type': 'ck', 'eliminate_type': 'all', 'date_type': 'h', 'date': '2020-12-18 12'}
经营分析-出库金额钻取
经营分析-出库订单量钻取
经营分析-出库包裹数钻取
经营分析-出库单均价钻取
经营分析-出库客单价钻取
 
查询条件 {'source': 'all', 'platform': 'all', 'parent_platform': 'all', 'bd_id': '4', 'shop_type': '1', 'sale_type': 'sd', 'eliminate_type': 'all', 'date_type': 'h', 'date': '2020-12-18 12'}
经营分析-收订金额钻取
经营分析-收订订单量钻取
经营分析-收订包裹数钻取
经营分析-收订单均价钻取
经营分析-收订客单价钻取
 
查询条件 {'source': 'all', 'platform': 'all', 'parent_platform': 'all', 'bd_id': '4', 'shop_type': '1', 'sale_type': 'zf', 'eliminate_type': 'all', 'date_type': 'h', 'date': '2020-12-18 12'}
经营分析-支付金额钻取
经营分析-支付订单量钻取
经营分析-支付包裹数钻取
经营分析-支付单均价钻取
经营分析-支付客单价钻取
 
查询条件 {'source': 'all', 'platform': 'all', 'parent_platform': 'all', 'bd_id': '4', 'shop_type': '1', 'sale_type': 'ck', 'eliminate_type': 'all', 'date_type': 'h', 'date': '2020-12-18 12'}
经营分析-出库金额钻取
经营分析-出库订单量钻取
经营分析-出库包裹数钻取
经营分析-出库单均价钻取
经营分析-出库客单价钻取
 
查询条件 {'source': 'all', 'platform': 'all', 'parent_platform': 'all', 'bd_id': '4', 'shop_type': '2', 'sale_type': 'sd', 'eliminate_type': 'all', 'date_type': 'h', 'date': '2020-12-18 12'}
经营分析-收订金额钻取
经营分析-收订订单量钻取
经营分析-收订包裹数钻取
经营分析-收订单均价钻取
经营分析-收订客单价钻取
 
查询条件 {'source': 'all', 'platform': 'all', 'parent_platform': 'all', 'bd_id': '4', 'shop_type': '2', 'sale_type': 'zf', 'eliminate_type': 'all', 'date_type': 'h', 'date': '2020-12-18 12'}
经营分析-支付金额钻取
经营分析-支付订单量钻取
经营分析-支付包裹数钻取
经营分析-支付单均价钻取
经营分析-支付客单价钻取
 
查询条件 {'source': 'all', 'platform': 'all', 'parent_platform': 'all', 'bd_id': '4', 'shop_type': '2', 'sale_type': 'ck', 'eliminate_type': 'all', 'date_type': 'h', 'date': '2020-12-18 12'}
经营分析-出库金额钻取
经营分析-出库订单量钻取
经营分析-出库包裹数钻取
经营分析-出库单均价钻取
经营分析-出库客单价钻取
 
查询条件 {'source': '3', 'platform': 'all', 'parent_platform': 'all', 'bd_id': 'all', 'shop_type': 'all', 'sale_type': 'sd', 'eliminate_type': 'all', 'date_type': 'h', 'date': '2020-12-18 12'}
经营分析-收订金额钻取
经营分析-收订订单量钻取
经营分析-收订包裹数钻取
经营分析-收订单均价钻取
经营分析-收订客单价钻取
 
查询条件 {'source': '3', 'platform': 'all', 'parent_platform': 'all', 'bd_id': 'all', 'shop_type': 'all', 'sale_type': 'zf', 'eliminate_type': 'all', 'date_type': 'h', 'date': '2020-12-18 12'}
经营分析-支付金额钻取
经营分析-支付订单量钻取
经营分析-支付包裹数钻取
经营分析-支付单均价钻取
经营分析-支付客单价钻取
 
查询条件 {'source': '3', 'platform': 'all', 'parent_platform': 'all', 'bd_id': 'all', 'shop_type': 'all', 'sale_type': 'ck', 'eliminate_type': 'all', 'date_type': 'h', 'date': '2020-12-18 12'}
经营分析-出库金额钻取
经营分析-出库订单量钻取
经营分析-出库包裹数钻取
经营分析-出库单均价钻取
经营分析-出库客单价钻取
 
查询条件 {'source': '3', 'platform': 'all', 'parent_platform': 'all', 'bd_id': 'all', 'shop_type': '1', 'sale_type': 'sd', 'eliminate_type': 'all', 'date_type': 'h', 'date': '2020-12-18 12'}
经营分析-收订金额钻取
经营分析-收订订单量钻取
经营分析-收订包裹数钻取
经营分析-收订单均价钻取
经营分析-收订客单价钻取
 
查询条件 {'source': '3', 'platform': 'all', 'parent_platform': 'all', 'bd_id': 'all', 'shop_type': '1', 'sale_type': 'zf', 'eliminate_type': 'all', 'date_type': 'h', 'date': '2020-12-18 12'}
经营分析-支付金额钻取
经营分析-支付订单量钻取
经营分析-支付包裹数钻取
经营分析-支付单均价钻取
经营分析-支付客单价钻取
 
查询条件 {'source': '3', 'platform': 'all', 'parent_platform': 'all', 'bd_id': 'all', 'shop_type': '1', 'sale_type': 'ck', 'eliminate_type': 'all', 'date_type': 'h', 'date': '2020-12-18 12'}
经营分析-出库金额钻取
经营分析-出库订单量钻取
经营分析-出库包裹数钻取
经营分析-出库单均价钻取
经营分析-出库客单价钻取
 
查询条件 {'source': '3', 'platform': 'all', 'parent_platform': 'all', 'bd_id': 'all', 'shop_type': '2', 'sale_type': 'sd', 'eliminate_type': 'all', 'date_type': 'h', 'date': '2020-12-18 12'}
经营分析-收订金额钻取
经营分析-收订订单量钻取
经营分析-收订包裹数钻取
经营分析-收订单均价钻取
经营分析-收订客单价钻取
 
查询条件 {'source': '3', 'platform': 'all', 'parent_platform': 'all', 'bd_id': 'all', 'shop_type': '2', 'sale_type': 'zf', 'eliminate_type': 'all', 'date_type': 'h', 'date': '2020-12-18 12'}
经营分析-支付金额钻取
经营分析-支付订单量钻取
经营分析-支付包裹数钻取
经营分析-支付单均价钻取
经营分析-支付客单价钻取
 
查询条件 {'source': '3', 'platform': 'all', 'parent_platform': 'all', 'bd_id': 'all', 'shop_type': '2', 'sale_type': 'ck', 'eliminate_type': 'all', 'date_type': 'h', 'date': '2020-12-18 12'}
经营分析-出库金额钻取
经营分析-出库订单量钻取
经营分析-出库包裹数钻取
经营分析-出库单均价钻取
经营分析-出库客单价钻取
 
查询条件 {'source': '3', 'platform': 'all', 'parent_platform': 'all', 'bd_id': '1', 'shop_type': 'all', 'sale_type': 'sd', 'eliminate_type': 'all', 'date_type': 'h', 'date': '2020-12-18 12'}
经营分析-收订金额钻取
经营分析-收订订单量钻取
经营分析-收订包裹数钻取
经营分析-收订单均价钻取
经营分析-收订客单价钻取
 
查询条件 {'source': '3', 'platform': 'all', 'parent_platform': 'all', 'bd_id': '1', 'shop_type': 'all', 'sale_type': 'zf', 'eliminate_type': 'all', 'date_type': 'h', 'date': '2020-12-18 12'}
经营分析-支付金额钻取
经营分析-支付订单量钻取
经营分析-支付包裹数钻取
经营分析-支付单均价钻取
经营分析-支付客单价钻取
 
查询条件 {'source': '3', 'platform': 'all', 'parent_platform': 'all', 'bd_id': '1', 'shop_type': 'all', 'sale_type': 'ck', 'eliminate_type': 'all', 'date_type': 'h', 'date': '2020-12-18 12'}
经营分析-出库金额钻取
经营分析-出库订单量钻取
经营分析-出库包裹数钻取
经营分析-出库单均价钻取
经营分析-出库客单价钻取
 
查询条件 {'source': '3', 'platform': 'all', 'parent_platform': 'all', 'bd_id': '1', 'shop_type': '1', 'sale_type': 'sd', 'eliminate_type': 'all', 'date_type': 'h', 'date': '2020-12-18 12'}
经营分析-收订金额钻取
经营分析-收订订单量钻取
经营分析-收订包裹数钻取
经营分析-收订单均价钻取
经营分析-收订客单价钻取
 
查询条件 {'source': '3', 'platform': 'all', 'parent_platform': 'all', 'bd_id': '1', 'shop_type': '1', 'sale_type': 'zf', 'eliminate_type': 'all', 'date_type': 'h', 'date': '2020-12-18 12'}
经营分析-支付金额钻取
经营分析-支付订单量钻取
经营分析-支付包裹数钻取
经营分析-支付单均价钻取
经营分析-支付客单价钻取
 
查询条件 {'source': '3', 'platform': 'all', 'parent_platform': 'all', 'bd_id': '1', 'shop_type': '1', 'sale_type': 'ck', 'eliminate_type': 'all', 'date_type': 'h', 'date': '2020-12-18 12'}
经营分析-出库金额钻取
经营分析-出库订单量钻取
经营分析-出库包裹数钻取
经营分析-出库单均价钻取
经营分析-出库客单价钻取
 
查询条件 {'source': '3', 'platform': 'all', 'parent_platform': 'all', 'bd_id': '1', 'shop_type': '2', 'sale_type': 'sd', 'eliminate_type': 'all', 'date_type': 'h', 'date': '2020-12-18 12'}
经营分析-收订金额钻取
经营分析-收订订单量钻取
经营分析-收订包裹数钻取
经营分析-收订单均价钻取
经营分析-收订客单价钻取
 
查询条件 {'source': '3', 'platform': 'all', 'parent_platform': 'all', 'bd_id': '1', 'shop_type': '2', 'sale_type': 'zf', 'eliminate_type': 'all', 'date_type': 'h', 'date': '2020-12-18 12'}
经营分析-支付金额钻取
经营分析-支付订单量钻取
经营分析-支付包裹数钻取
经营分析-支付单均价钻取
经营分析-支付客单价钻取
 
查询条件 {'source': '3', 'platform': 'all', 'parent_platform': 'all', 'bd_id': '1', 'shop_type': '2', 'sale_type': 'ck', 'eliminate_type': 'all', 'date_type': 'h', 'date': '2020-12-18 12'}
经营分析-出库金额钻取
经营分析-出库订单量钻取
经营分析-出库包裹数钻取
经营分析-出库单均价钻取
经营分析-出库客单价钻取
 
查询条件 {'source': '3', 'platform': 'all', 'parent_platform': 'all', 'bd_id': '2', 'shop_type': 'all', 'sale_type': 'sd', 'eliminate_type': 'all', 'date_type': 'h', 'date': '2020-12-18 12'}
经营分析-收订金额钻取
经营分析-收订订单量钻取
经营分析-收订包裹数钻取
经营分析-收订单均价钻取
经营分析-收订客单价钻取
 
查询条件 {'source': '3', 'platform': 'all', 'parent_platform': 'all', 'bd_id': '2', 'shop_type': 'all', 'sale_type': 'zf', 'eliminate_type': 'all', 'date_type': 'h', 'date': '2020-12-18 12'}
经营分析-支付金额钻取
经营分析-支付订单量钻取
经营分析-支付包裹数钻取
经营分析-支付单均价钻取
经营分析-支付客单价钻取
 
查询条件 {'source': '3', 'platform': 'all', 'parent_platform': 'all', 'bd_id': '2', 'shop_type': 'all', 'sale_type': 'ck', 'eliminate_type': 'all', 'date_type': 'h', 'date': '2020-12-18 12'}
经营分析-出库金额钻取
经营分析-出库订单量钻取
经营分析-出库包裹数钻取
经营分析-出库单均价钻取
经营分析-出库客单价钻取
 
查询条件 {'source': '3', 'platform': 'all', 'parent_platform': 'all', 'bd_id': '2', 'shop_type': '1', 'sale_type': 'sd', 'eliminate_type': 'all', 'date_type': 'h', 'date': '2020-12-18 12'}
经营分析-收订金额钻取
经营分析-收订订单量钻取
经营分析-收订包裹数钻取
经营分析-收订单均价钻取
经营分析-收订客单价钻取
 
查询条件 {'source': '3', 'platform': 'all', 'parent_platform': 'all', 'bd_id': '2', 'shop_type': '1', 'sale_type': 'zf', 'eliminate_type': 'all', 'date_type': 'h', 'date': '2020-12-18 12'}
经营分析-支付金额钻取
经营分析-支付订单量钻取
经营分析-支付包裹数钻取
经营分析-支付单均价钻取
经营分析-支付客单价钻取
 
查询条件 {'source': '3', 'platform': 'all', 'parent_platform': 'all', 'bd_id': '2', 'shop_type': '1', 'sale_type': 'ck', 'eliminate_type': 'all', 'date_type': 'h', 'date': '2020-12-18 12'}
经营分析-出库金额钻取
经营分析-出库订单量钻取
经营分析-出库包裹数钻取
经营分析-出库单均价钻取
经营分析-出库客单价钻取
 
查询条件 {'source': '3', 'platform': 'all', 'parent_platform': 'all', 'bd_id': '2', 'shop_type': '2', 'sale_type': 'sd', 'eliminate_type': 'all', 'date_type': 'h', 'date': '2020-12-18 12'}
经营分析-收订金额钻取
经营分析-收订订单量钻取
经营分析-收订包裹数钻取
经营分析-收订单均价钻取
经营分析-收订客单价钻取
 
查询条件 {'source': '3', 'platform': 'all', 'parent_platform': 'all', 'bd_id': '2', 'shop_type': '2', 'sale_type': 'zf', 'eliminate_type': 'all', 'date_type': 'h', 'date': '2020-12-18 12'}
经营分析-支付金额钻取
经营分析-支付订单量钻取
经营分析-支付包裹数钻取
经营分析-支付单均价钻取
经营分析-支付客单价钻取
 
查询条件 {'source': '3', 'platform': 'all', 'parent_platform': 'all', 'bd_id': '2', 'shop_type': '2', 'sale_type': 'ck', 'eliminate_type': 'all', 'date_type': 'h', 'date': '2020-12-18 12'}
经营分析-出库金额钻取
经营分析-出库订单量钻取
经营分析-出库包裹数钻取
经营分析-出库单均价钻取
经营分析-出库客单价钻取
 
查询条件 {'source': '3', 'platform': 'all', 'parent_platform': 'all', 'bd_id': '4', 'shop_type': 'all', 'sale_type': 'sd', 'eliminate_type': 'all', 'date_type': 'h', 'date': '2020-12-18 12'}
经营分析-收订金额钻取
经营分析-收订订单量钻取
经营分析-收订包裹数钻取
经营分析-收订单均价钻取
经营分析-收订客单价钻取
 
查询条件 {'source': '3', 'platform': 'all', 'parent_platform': 'all', 'bd_id': '4', 'shop_type': 'all', 'sale_type': 'zf', 'eliminate_type': 'all', 'date_type': 'h', 'date': '2020-12-18 12'}
经营分析-支付金额钻取
经营分析-支付订单量钻取
经营分析-支付包裹数钻取
经营分析-支付单均价钻取
经营分析-支付客单价钻取
 
查询条件 {'source': '3', 'platform': 'all', 'parent_platform': 'all', 'bd_id': '4', 'shop_type': 'all', 'sale_type': 'ck', 'eliminate_type': 'all', 'date_type': 'h', 'date': '2020-12-18 12'}
经营分析-出库金额钻取
经营分析-出库订单量钻取
经营分析-出库包裹数钻取
经营分析-出库单均价钻取
经营分析-出库客单价钻取
 
查询条件 {'source': '3', 'platform': 'all', 'parent_platform': 'all', 'bd_id': '4', 'shop_type': '1', 'sale_type': 'sd', 'eliminate_type': 'all', 'date_type': 'h', 'date': '2020-12-18 12'}
经营分析-收订金额钻取
经营分析-收订订单量钻取
经营分析-收订包裹数钻取
经营分析-收订单均价钻取
经营分析-收订客单价钻取
 
查询条件 {'source': '3', 'platform': 'all', 'parent_platform': 'all', 'bd_id': '4', 'shop_type': '1', 'sale_type': 'zf', 'eliminate_type': 'all', 'date_type': 'h', 'date': '2020-12-18 12'}
经营分析-支付金额钻取
经营分析-支付订单量钻取
经营分析-支付包裹数钻取
经营分析-支付单均价钻取
经营分析-支付客单价钻取
 
查询条件 {'source': '3', 'platform': 'all', 'parent_platform': 'all', 'bd_id': '4', 'shop_type': '1', 'sale_type': 'ck', 'eliminate_type': 'all', 'date_type': 'h', 'date': '2020-12-18 12'}
经营分析-出库金额钻取
经营分析-出库订单量钻取
经营分析-出库包裹数钻取
经营分析-出库单均价钻取
经营分析-出库客单价钻取
 
查询条件 {'source': '3', 'platform': 'all', 'parent_platform': 'all', 'bd_id': '4', 'shop_type': '2', 'sale_type': 'sd', 'eliminate_type': 'all', 'date_type': 'h', 'date': '2020-12-18 12'}
经营分析-收订金额钻取
经营分析-收订订单量钻取
经营分析-收订包裹数钻取
经营分析-收订单均价钻取
经营分析-收订客单价钻取
 
查询条件 {'source': '3', 'platform': 'all', 'parent_platform': 'all', 'bd_id': '4', 'shop_type': '2', 'sale_type': 'zf', 'eliminate_type': 'all', 'date_type': 'h', 'date': '2020-12-18 12'}
经营分析-支付金额钻取
经营分析-支付订单量钻取
经营分析-支付包裹数钻取
经营分析-支付单均价钻取
经营分析-支付客单价钻取
 
查询条件 {'source': '3', 'platform': 'all', 'parent_platform': 'all', 'bd_id': '4', 'shop_type': '2', 'sale_type': 'ck', 'eliminate_type': 'all', 'date_type': 'h', 'date': '2020-12-18 12'}
经营分析-出库金额钻取
经营分析-出库订单量钻取
经营分析-出库包裹数钻取
经营分析-出库单均价钻取
经营分析-出库客单价钻取
 
查询条件 {'source': '2', 'platform': 'all', 'parent_platform': 'all', 'bd_id': 'all', 'shop_type': 'all', 'sale_type': 'sd', 'eliminate_type': 'all', 'date_type': 'h', 'date': '2020-12-18 12'}
经营分析-收订金额钻取
经营分析-收订订单量钻取
经营分析-收订包裹数钻取
经营分析-收订单均价钻取
经营分析-收订客单价钻取
 
查询条件 {'source': '2', 'platform': 'all', 'parent_platform': 'all', 'bd_id': 'all', 'shop_type': 'all', 'sale_type': 'zf', 'eliminate_type': 'all', 'date_type': 'h', 'date': '2020-12-18 12'}
经营分析-支付金额钻取
经营分析-支付订单量钻取
经营分析-支付包裹数钻取
经营分析-支付单均价钻取
经营分析-支付客单价钻取
 
查询条件 {'source': '2', 'platform': 'all', 'parent_platform': 'all', 'bd_id': 'all', 'shop_type': 'all', 'sale_type': 'ck', 'eliminate_type': 'all', 'date_type': 'h', 'date': '2020-12-18 12'}
经营分析-出库金额钻取
经营分析-出库订单量钻取
经营分析-出库包裹数钻取
经营分析-出库单均价钻取
经营分析-出库客单价钻取
 
查询条件 {'source': '2', 'platform': 'all', 'parent_platform': 'all', 'bd_id': 'all', 'shop_type': '1', 'sale_type': 'sd', 'eliminate_type': 'all', 'date_type': 'h', 'date': '2020-12-18 12'}
经营分析-收订金额钻取
经营分析-收订订单量钻取
经营分析-收订包裹数钻取
经营分析-收订单均价钻取
经营分析-收订客单价钻取
 
查询条件 {'source': '2', 'platform': 'all', 'parent_platform': 'all', 'bd_id': 'all', 'shop_type': '1', 'sale_type': 'zf', 'eliminate_type': 'all', 'date_type': 'h', 'date': '2020-12-18 12'}
经营分析-支付金额钻取
经营分析-支付订单量钻取
经营分析-支付包裹数钻取
经营分析-支付单均价钻取
经营分析-支付客单价钻取
 
查询条件 {'source': '2', 'platform': 'all', 'parent_platform': 'all', 'bd_id': 'all', 'shop_type': '1', 'sale_type': 'ck', 'eliminate_type': 'all', 'date_type': 'h', 'date': '2020-12-18 12'}
经营分析-出库金额钻取
经营分析-出库订单量钻取
经营分析-出库包裹数钻取
经营分析-出库单均价钻取
经营分析-出库客单价钻取
 
查询条件 {'source': '2', 'platform': 'all', 'parent_platform': 'all', 'bd_id': 'all', 'shop_type': '2', 'sale_type': 'sd', 'eliminate_type': 'all', 'date_type': 'h', 'date': '2020-12-18 12'}
经营分析-收订金额钻取
经营分析-收订订单量钻取
经营分析-收订包裹数钻取
经营分析-收订单均价钻取
经营分析-收订客单价钻取
 
查询条件 {'source': '2', 'platform': 'all', 'parent_platform': 'all', 'bd_id': 'all', 'shop_type': '2', 'sale_type': 'zf', 'eliminate_type': 'all', 'date_type': 'h', 'date': '2020-12-18 12'}
经营分析-支付金额钻取
经营分析-支付订单量钻取
经营分析-支付包裹数钻取
经营分析-支付单均价钻取
经营分析-支付客单价钻取
 
查询条件 {'source': '2', 'platform': 'all', 'parent_platform': 'all', 'bd_id': 'all', 'shop_type': '2', 'sale_type': 'ck', 'eliminate_type': 'all', 'date_type': 'h', 'date': '2020-12-18 12'}
经营分析-出库金额钻取
经营分析-出库订单量钻取
经营分析-出库包裹数钻取
经营分析-出库单均价钻取
经营分析-出库客单价钻取
 
查询条件 {'source': '2', 'platform': 'all', 'parent_platform': 'all', 'bd_id': '1', 'shop_type': 'all', 'sale_type': 'sd', 'eliminate_type': 'all', 'date_type': 'h', 'date': '2020-12-18 12'}
经营分析-收订金额钻取
经营分析-收订订单量钻取
经营分析-收订包裹数钻取
经营分析-收订单均价钻取
经营分析-收订客单价钻取
 
查询条件 {'source': '2', 'platform': 'all', 'parent_platform': 'all', 'bd_id': '1', 'shop_type': 'all', 'sale_type': 'zf', 'eliminate_type': 'all', 'date_type': 'h', 'date': '2020-12-18 12'}
经营分析-支付金额钻取
经营分析-支付订单量钻取
经营分析-支付包裹数钻取
经营分析-支付单均价钻取
经营分析-支付客单价钻取
 
查询条件 {'source': '2', 'platform': 'all', 'parent_platform': 'all', 'bd_id': '1', 'shop_type': 'all', 'sale_type': 'ck', 'eliminate_type': 'all', 'date_type': 'h', 'date': '2020-12-18 12'}
经营分析-出库金额钻取
经营分析-出库订单量钻取
经营分析-出库包裹数钻取
经营分析-出库单均价钻取
经营分析-出库客单价钻取
 
查询条件 {'source': '2', 'platform': 'all', 'parent_platform': 'all', 'bd_id': '1', 'shop_type': '1', 'sale_type': 'sd', 'eliminate_type': 'all', 'date_type': 'h', 'date': '2020-12-18 12'}
经营分析-收订金额钻取
经营分析-收订订单量钻取
经营分析-收订包裹数钻取
经营分析-收订单均价钻取
经营分析-收订客单价钻取
 
查询条件 {'source': '2', 'platform': 'all', 'parent_platform': 'all', 'bd_id': '1', 'shop_type': '1', 'sale_type': 'zf', 'eliminate_type': 'all', 'date_type': 'h', 'date': '2020-12-18 12'}
经营分析-支付金额钻取
经营分析-支付订单量钻取
经营分析-支付包裹数钻取
经营分析-支付单均价钻取
经营分析-支付客单价钻取
 
查询条件 {'source': '2', 'platform': 'all', 'parent_platform': 'all', 'bd_id': '1', 'shop_type': '1', 'sale_type': 'ck', 'eliminate_type': 'all', 'date_type': 'h', 'date': '2020-12-18 12'}
经营分析-出库金额钻取
经营分析-出库订单量钻取
经营分析-出库包裹数钻取
经营分析-出库单均价钻取
经营分析-出库客单价钻取
 
查询条件 {'source': '2', 'platform': 'all', 'parent_platform': 'all', 'bd_id': '1', 'shop_type': '2', 'sale_type': 'sd', 'eliminate_type': 'all', 'date_type': 'h', 'date': '2020-12-18 12'}
经营分析-收订金额钻取
经营分析-收订订单量钻取
经营分析-收订包裹数钻取
经营分析-收订单均价钻取
经营分析-收订客单价钻取
 
查询条件 {'source': '2', 'platform': 'all', 'parent_platform': 'all', 'bd_id': '1', 'shop_type': '2', 'sale_type': 'zf', 'eliminate_type': 'all', 'date_type': 'h', 'date': '2020-12-18 12'}
经营分析-支付金额钻取
经营分析-支付订单量钻取
经营分析-支付包裹数钻取
经营分析-支付单均价钻取
经营分析-支付客单价钻取
 
查询条件 {'source': '2', 'platform': 'all', 'parent_platform': 'all', 'bd_id': '1', 'shop_type': '2', 'sale_type': 'ck', 'eliminate_type': 'all', 'date_type': 'h', 'date': '2020-12-18 12'}
经营分析-出库金额钻取
经营分析-出库订单量钻取
经营分析-出库包裹数钻取
经营分析-出库单均价钻取
经营分析-出库客单价钻取
 
查询条件 {'source': '2', 'platform': 'all', 'parent_platform': 'all', 'bd_id': '2', 'shop_type': 'all', 'sale_type': 'sd', 'eliminate_type': 'all', 'date_type': 'h', 'date': '2020-12-18 12'}
经营分析-收订金额钻取
经营分析-收订订单量钻取
经营分析-收订包裹数钻取
经营分析-收订单均价钻取
经营分析-收订客单价钻取
 
查询条件 {'source': '2', 'platform': 'all', 'parent_platform': 'all', 'bd_id': '2', 'shop_type': 'all', 'sale_type': 'zf', 'eliminate_type': 'all', 'date_type': 'h', 'date': '2020-12-18 12'}
经营分析-支付金额钻取
经营分析-支付订单量钻取
经营分析-支付包裹数钻取
经营分析-支付单均价钻取
经营分析-支付客单价钻取
 
查询条件 {'source': '2', 'platform': 'all', 'parent_platform': 'all', 'bd_id': '2', 'shop_type': 'all', 'sale_type': 'ck', 'eliminate_type': 'all', 'date_type': 'h', 'date': '2020-12-18 12'}
经营分析-出库金额钻取
经营分析-出库订单量钻取
经营分析-出库包裹数钻取
经营分析-出库单均价钻取
经营分析-出库客单价钻取
 
查询条件 {'source': '2', 'platform': 'all', 'parent_platform': 'all', 'bd_id': '2', 'shop_type': '1', 'sale_type': 'sd', 'eliminate_type': 'all', 'date_type': 'h', 'date': '2020-12-18 12'}
经营分析-收订金额钻取
经营分析-收订订单量钻取
经营分析-收订包裹数钻取
经营分析-收订单均价钻取
经营分析-收订客单价钻取
 
查询条件 {'source': '2', 'platform': 'all', 'parent_platform': 'all', 'bd_id': '2', 'shop_type': '1', 'sale_type': 'zf', 'eliminate_type': 'all', 'date_type': 'h', 'date': '2020-12-18 12'}
经营分析-支付金额钻取
经营分析-支付订单量钻取
经营分析-支付包裹数钻取
经营分析-支付单均价钻取
经营分析-支付客单价钻取
 
查询条件 {'source': '2', 'platform': 'all', 'parent_platform': 'all', 'bd_id': '2', 'shop_type': '1', 'sale_type': 'ck', 'eliminate_type': 'all', 'date_type': 'h', 'date': '2020-12-18 12'}
经营分析-出库金额钻取
经营分析-出库订单量钻取
经营分析-出库包裹数钻取
经营分析-出库单均价钻取
经营分析-出库客单价钻取
 
查询条件 {'source': '2', 'platform': 'all', 'parent_platform': 'all', 'bd_id': '2', 'shop_type': '2', 'sale_type': 'sd', 'eliminate_type': 'all', 'date_type': 'h', 'date': '2020-12-18 12'}
经营分析-收订金额钻取
经营分析-收订订单量钻取
经营分析-收订包裹数钻取
经营分析-收订单均价钻取
经营分析-收订客单价钻取
 
查询条件 {'source': '2', 'platform': 'all', 'parent_platform': 'all', 'bd_id': '2', 'shop_type': '2', 'sale_type': 'zf', 'eliminate_type': 'all', 'date_type': 'h', 'date': '2020-12-18 12'}
经营分析-支付金额钻取
经营分析-支付订单量钻取
经营分析-支付包裹数钻取
经营分析-支付单均价钻取
经营分析-支付客单价钻取
 
查询条件 {'source': '2', 'platform': 'all', 'parent_platform': 'all', 'bd_id': '2', 'shop_type': '2', 'sale_type': 'ck', 'eliminate_type': 'all', 'date_type': 'h', 'date': '2020-12-18 12'}
经营分析-出库金额钻取
经营分析-出库订单量钻取
经营分析-出库包裹数钻取
经营分析-出库单均价钻取
经营分析-出库客单价钻取
 
查询条件 {'source': '2', 'platform': 'all', 'parent_platform': 'all', 'bd_id': '4', 'shop_type': 'all', 'sale_type': 'sd', 'eliminate_type': 'all', 'date_type': 'h', 'date': '2020-12-18 12'}
经营分析-收订金额钻取
经营分析-收订订单量钻取
经营分析-收订包裹数钻取
经营分析-收订单均价钻取
经营分析-收订客单价钻取
 
查询条件 {'source': '2', 'platform': 'all', 'parent_platform': 'all', 'bd_id': '4', 'shop_type': 'all', 'sale_type': 'zf', 'eliminate_type': 'all', 'date_type': 'h', 'date': '2020-12-18 12'}
经营分析-支付金额钻取
经营分析-支付订单量钻取
经营分析-支付包裹数钻取
经营分析-支付单均价钻取
经营分析-支付客单价钻取
 
查询条件 {'source': '2', 'platform': 'all', 'parent_platform': 'all', 'bd_id': '4', 'shop_type': 'all', 'sale_type': 'ck', 'eliminate_type': 'all', 'date_type': 'h', 'date': '2020-12-18 12'}
经营分析-出库金额钻取
经营分析-出库订单量钻取
经营分析-出库包裹数钻取
经营分析-出库单均价钻取
经营分析-出库客单价钻取
 
查询条件 {'source': '2', 'platform': 'all', 'parent_platform': 'all', 'bd_id': '4', 'shop_type': '1', 'sale_type': 'sd', 'eliminate_type': 'all', 'date_type': 'h', 'date': '2020-12-18 12'}
经营分析-收订金额钻取
经营分析-收订订单量钻取
经营分析-收订包裹数钻取
经营分析-收订单均价钻取
经营分析-收订客单价钻取
 
查询条件 {'source': '2', 'platform': 'all', 'parent_platform': 'all', 'bd_id': '4', 'shop_type': '1', 'sale_type': 'zf', 'eliminate_type': 'all', 'date_type': 'h', 'date': '2020-12-18 12'}
经营分析-支付金额钻取
经营分析-支付订单量钻取
经营分析-支付包裹数钻取
经营分析-支付单均价钻取
经营分析-支付客单价钻取
 
查询条件 {'source': '2', 'platform': 'all', 'parent_platform': 'all', 'bd_id': '4', 'shop_type': '1', 'sale_type': 'ck', 'eliminate_type': 'all', 'date_type': 'h', 'date': '2020-12-18 12'}
经营分析-出库金额钻取
经营分析-出库订单量钻取
经营分析-出库包裹数钻取
经营分析-出库单均价钻取
经营分析-出库客单价钻取
 
查询条件 {'source': '2', 'platform': 'all', 'parent_platform': 'all', 'bd_id': '4', 'shop_type': '2', 'sale_type': 'sd', 'eliminate_type': 'all', 'date_type': 'h', 'date': '2020-12-18 12'}
经营分析-收订金额钻取
经营分析-收订订单量钻取
经营分析-收订包裹数钻取
经营分析-收订单均价钻取
经营分析-收订客单价钻取
 
查询条件 {'source': '2', 'platform': 'all', 'parent_platform': 'all', 'bd_id': '4', 'shop_type': '2', 'sale_type': 'zf', 'eliminate_type': 'all', 'date_type': 'h', 'date': '2020-12-18 12'}
经营分析-支付金额钻取
经营分析-支付订单量钻取
经营分析-支付包裹数钻取
经营分析-支付单均价钻取
经营分析-支付客单价钻取
 
查询条件 {'source': '2', 'platform': 'all', 'parent_platform': 'all', 'bd_id': '4', 'shop_type': '2', 'sale_type': 'ck', 'eliminate_type': 'all', 'date_type': 'h', 'date': '2020-12-18 12'}
经营分析-出库金额钻取
经营分析-出库订单量钻取
经营分析-出库包裹数钻取
经营分析-出库单均价钻取
经营分析-出库客单价钻取
 
查询条件 {'source': '4', 'platform': 'all', 'parent_platform': 'all', 'bd_id': 'all', 'shop_type': 'all', 'sale_type': 'sd', 'eliminate_type': 'all', 'date_type': 'h', 'date': '2020-12-18 12'}
经营分析-收订金额钻取
经营分析-收订订单量钻取
经营分析-收订包裹数钻取
经营分析-收订单均价钻取
经营分析-收订客单价钻取
 
查询条件 {'source': '4', 'platform': 'all', 'parent_platform': 'all', 'bd_id': 'all', 'shop_type': 'all', 'sale_type': 'zf', 'eliminate_type': 'all', 'date_type': 'h', 'date': '2020-12-18 12'}
经营分析-支付金额钻取
经营分析-支付订单量钻取
经营分析-支付包裹数钻取
经营分析-支付单均价钻取
经营分析-支付客单价钻取
 
查询条件 {'source': '4', 'platform': 'all', 'parent_platform': 'all', 'bd_id': 'all', 'shop_type': 'all', 'sale_type': 'ck', 'eliminate_type': 'all', 'date_type': 'h', 'date': '2020-12-18 12'}
经营分析-出库金额钻取
经营分析-出库订单量钻取
经营分析-出库包裹数钻取
经营分析-出库单均价钻取
经营分析-出库客单价钻取
 
查询条件 {'source': '4', 'platform': 'all', 'parent_platform': 'all', 'bd_id': 'all', 'shop_type': '1', 'sale_type': 'sd', 'eliminate_type': 'all', 'date_type': 'h', 'date': '2020-12-18 12'}
经营分析-收订金额钻取
经营分析-收订订单量钻取
经营分析-收订包裹数钻取
经营分析-收订单均价钻取
经营分析-收订客单价钻取
 
查询条件 {'source': '4', 'platform': 'all', 'parent_platform': 'all', 'bd_id': 'all', 'shop_type': '1', 'sale_type': 'zf', 'eliminate_type': 'all', 'date_type': 'h', 'date': '2020-12-18 12'}
经营分析-支付金额钻取
经营分析-支付订单量钻取
经营分析-支付包裹数钻取
经营分析-支付单均价钻取
{'trend': "[{'02点': (22.74, 22.73)}]"}
xxxxxxxxxxxxxxxxxxxxxxxxxxxxxxxxxxxxxxxx-Fail-xxxxxxxxxxxxxxxxxxxxxxxxxxxxxxxxxxxxxxxxxxxxxxxxxxxxxxx
经营分析-支付客单价钻取
 
查询条件 {'source': '4', 'platform': 'all', 'parent_platform': 'all', 'bd_id': 'all', 'shop_type': '1', 'sale_type': 'ck', 'eliminate_type': 'all', 'date_type': 'h', 'date': '2020-12-18 12'}
经营分析-出库金额钻取
经营分析-出库订单量钻取
经营分析-出库包裹数钻取
经营分析-出库单均价钻取
经营分析-出库客单价钻取
 
查询条件 {'source': '4', 'platform': 'all', 'parent_platform': 'all', 'bd_id': 'all', 'shop_type': '2', 'sale_type': 'sd', 'eliminate_type': 'all', 'date_type': 'h', 'date': '2020-12-18 12'}
经营分析-收订金额钻取
经营分析-收订订单量钻取
经营分析-收订包裹数钻取
经营分析-收订单均价钻取
经营分析-收订客单价钻取
 
查询条件 {'source': '4', 'platform': 'all', 'parent_platform': 'all', 'bd_id': 'all', 'shop_type': '2', 'sale_type': 'zf', 'eliminate_type': 'all', 'date_type': 'h', 'date': '2020-12-18 12'}
经营分析-支付金额钻取
经营分析-支付订单量钻取
经营分析-支付包裹数钻取
经营分析-支付单均价钻取
经营分析-支付客单价钻取
 
查询条件 {'source': '4', 'platform': 'all', 'parent_platform': 'all', 'bd_id': 'all', 'shop_type': '2', 'sale_type': 'ck', 'eliminate_type': 'all', 'date_type': 'h', 'date': '2020-12-18 12'}
经营分析-出库金额钻取
经营分析-出库订单量钻取
经营分析-出库包裹数钻取
经营分析-出库单均价钻取
经营分析-出库客单价钻取
 
查询条件 {'source': '4', 'platform': 'all', 'parent_platform': 'all', 'bd_id': '1', 'shop_type': 'all', 'sale_type': 'sd', 'eliminate_type': 'all', 'date_type': 'h', 'date': '2020-12-18 12'}
经营分析-收订金额钻取
经营分析-收订订单量钻取
经营分析-收订包裹数钻取
经营分析-收订单均价钻取
{'trend': "[{'02点': (22.74, 22.73)}]"}
xxxxxxxxxxxxxxxxxxxxxxxxxxxxxxxxxxxxxxxx-Fail-xxxxxxxxxxxxxxxxxxxxxxxxxxxxxxxxxxxxxxxxxxxxxxxxxxxxxxx
经营分析-收订客单价钻取
 
查询条件 {'source': '4', 'platform': 'all', 'parent_platform': 'all', 'bd_id': '1', 'shop_type': 'all', 'sale_type': 'zf', 'eliminate_type': 'all', 'date_type': 'h', 'date': '2020-12-18 12'}
经营分析-支付金额钻取
经营分析-支付订单量钻取
经营分析-支付包裹数钻取
经营分析-支付单均价钻取
经营分析-支付客单价钻取
 
查询条件 {'source': '4', 'platform': 'all', 'parent_platform': 'all', 'bd_id': '1', 'shop_type': 'all', 'sale_type': 'ck', 'eliminate_type': 'all', 'date_type': 'h', 'date': '2020-12-18 12'}
经营分析-出库金额钻取
经营分析-出库订单量钻取
经营分析-出库包裹数钻取
经营分析-出库单均价钻取
经营分析-出库客单价钻取
 
查询条件 {'source': '4', 'platform': 'all', 'parent_platform': 'all', 'bd_id': '1', 'shop_type': '1', 'sale_type': 'sd', 'eliminate_type': 'all', 'date_type': 'h', 'date': '2020-12-18 12'}
经营分析-收订金额钻取
经营分析-收订订单量钻取
经营分析-收订包裹数钻取
经营分析-收订单均价钻取
经营分析-收订客单价钻取
 
查询条件 {'source': '4', 'platform': 'all', 'parent_platform': 'all', 'bd_id': '1', 'shop_type': '1', 'sale_type': 'zf', 'eliminate_type': 'all', 'date_type': 'h', 'date': '2020-12-18 12'}
经营分析-支付金额钻取
经营分析-支付订单量钻取
经营分析-支付包裹数钻取
经营分析-支付单均价钻取
经营分析-支付客单价钻取
 
查询条件 {'source': '4', 'platform': 'all', 'parent_platform': 'all', 'bd_id': '1', 'shop_type': '1', 'sale_type': 'ck', 'eliminate_type': 'all', 'date_type': 'h', 'date': '2020-12-18 12'}
经营分析-出库金额钻取
经营分析-出库订单量钻取
经营分析-出库包裹数钻取
经营分析-出库单均价钻取
经营分析-出库客单价钻取
 
查询条件 {'source': '4', 'platform': 'all', 'parent_platform': 'all', 'bd_id': '1', 'shop_type': '2', 'sale_type': 'sd', 'eliminate_type': 'all', 'date_type': 'h', 'date': '2020-12-18 12'}
经营分析-收订金额钻取
经营分析-收订订单量钻取
经营分析-收订包裹数钻取
经营分析-收订单均价钻取
经营分析-收订客单价钻取
 
查询条件 {'source': '4', 'platform': 'all', 'parent_platform': 'all', 'bd_id': '1', 'shop_type': '2', 'sale_type': 'zf', 'eliminate_type': 'all', 'date_type': 'h', 'date': '2020-12-18 12'}
经营分析-支付金额钻取
经营分析-支付订单量钻取
经营分析-支付包裹数钻取
经营分析-支付单均价钻取
经营分析-支付客单价钻取
 
查询条件 {'source': '4', 'platform': 'all', 'parent_platform': 'all', 'bd_id': '1', 'shop_type': '2', 'sale_type': 'ck', 'eliminate_type': 'all', 'date_type': 'h', 'date': '2020-12-18 12'}
经营分析-出库金额钻取
经营分析-出库订单量钻取
经营分析-出库包裹数钻取
经营分析-出库单均价钻取
经营分析-出库客单价钻取
 
查询条件 {'source': '4', 'platform': 'all', 'parent_platform': 'all', 'bd_id': '2', 'shop_type': 'all', 'sale_type': 'sd', 'eliminate_type': 'all', 'date_type': 'h', 'date': '2020-12-18 12'}
经营分析-收订金额钻取
经营分析-收订订单量钻取
经营分析-收订包裹数钻取
经营分析-收订单均价钻取
经营分析-收订客单价钻取
 
查询条件 {'source': '4', 'platform': 'all', 'parent_platform': 'all', 'bd_id': '2', 'shop_type': 'all', 'sale_type': 'zf', 'eliminate_type': 'all', 'date_type': 'h', 'date': '2020-12-18 12'}
经营分析-支付金额钻取
经营分析-支付订单量钻取
经营分析-支付包裹数钻取
经营分析-支付单均价钻取
经营分析-支付客单价钻取
 
查询条件 {'source': '4', 'platform': 'all', 'parent_platform': 'all', 'bd_id': '2', 'shop_type': 'all', 'sale_type': 'ck', 'eliminate_type': 'all', 'date_type': 'h', 'date': '2020-12-18 12'}
经营分析-出库金额钻取
经营分析-出库订单量钻取
经营分析-出库包裹数钻取
经营分析-出库单均价钻取
经营分析-出库客单价钻取
 
查询条件 {'source': '4', 'platform': 'all', 'parent_platform': 'all', 'bd_id': '2', 'shop_type': '1', 'sale_type': 'sd', 'eliminate_type': 'all', 'date_type': 'h', 'date': '2020-12-18 12'}
经营分析-收订金额钻取
经营分析-收订订单量钻取
经营分析-收订包裹数钻取
经营分析-收订单均价钻取
经营分析-收订客单价钻取
 
查询条件 {'source': '4', 'platform': 'all', 'parent_platform': 'all', 'bd_id': '2', 'shop_type': '1', 'sale_type': 'zf', 'eliminate_type': 'all', 'date_type': 'h', 'date': '2020-12-18 12'}
经营分析-支付金额钻取
经营分析-支付订单量钻取
经营分析-支付包裹数钻取
经营分析-支付单均价钻取
经营分析-支付客单价钻取
 
查询条件 {'source': '4', 'platform': 'all', 'parent_platform': 'all', 'bd_id': '2', 'shop_type': '1', 'sale_type': 'ck', 'eliminate_type': 'all', 'date_type': 'h', 'date': '2020-12-18 12'}
经营分析-出库金额钻取
经营分析-出库订单量钻取
经营分析-出库包裹数钻取
经营分析-出库单均价钻取
经营分析-出库客单价钻取
 
查询条件 {'source': '4', 'platform': 'all', 'parent_platform': 'all', 'bd_id': '2', 'shop_type': '2', 'sale_type': 'sd', 'eliminate_type': 'all', 'date_type': 'h', 'date': '2020-12-18 12'}
经营分析-收订金额钻取
经营分析-收订订单量钻取
经营分析-收订包裹数钻取
经营分析-收订单均价钻取
经营分析-收订客单价钻取
 
查询条件 {'source': '4', 'platform': 'all', 'parent_platform': 'all', 'bd_id': '2', 'shop_type': '2', 'sale_type': 'zf', 'eliminate_type': 'all', 'date_type': 'h', 'date': '2020-12-18 12'}
经营分析-支付金额钻取
经营分析-支付订单量钻取
经营分析-支付包裹数钻取
经营分析-支付单均价钻取
经营分析-支付客单价钻取
 
查询条件 {'source': '4', 'platform': 'all', 'parent_platform': 'all', 'bd_id': '2', 'shop_type': '2', 'sale_type': 'ck', 'eliminate_type': 'all', 'date_type': 'h', 'date': '2020-12-18 12'}
经营分析-出库金额钻取
经营分析-出库订单量钻取
经营分析-出库包裹数钻取
经营分析-出库单均价钻取
经营分析-出库客单价钻取
 
查询条件 {'source': '4', 'platform': 'all', 'parent_platform': 'all', 'bd_id': '4', 'shop_type': 'all', 'sale_type': 'sd', 'eliminate_type': 'all', 'date_type': 'h', 'date': '2020-12-18 12'}
经营分析-收订金额钻取
经营分析-收订订单量钻取
经营分析-收订包裹数钻取
经营分析-收订单均价钻取
经营分析-收订客单价钻取
 
查询条件 {'source': '4', 'platform': 'all', 'parent_platform': 'all', 'bd_id': '4', 'shop_type': 'all', 'sale_type': 'zf', 'eliminate_type': 'all', 'date_type': 'h', 'date': '2020-12-18 12'}
经营分析-支付金额钻取
经营分析-支付订单量钻取
经营分析-支付包裹数钻取
经营分析-支付单均价钻取
经营分析-支付客单价钻取
 
查询条件 {'source': '4', 'platform': 'all', 'parent_platform': 'all', 'bd_id': '4', 'shop_type': 'all', 'sale_type': 'ck', 'eliminate_type': 'all', 'date_type': 'h', 'date': '2020-12-18 12'}
经营分析-出库金额钻取
经营分析-出库订单量钻取
经营分析-出库包裹数钻取
经营分析-出库单均价钻取
经营分析-出库客单价钻取
 
查询条件 {'source': '4', 'platform': 'all', 'parent_platform': 'all', 'bd_id': '4', 'shop_type': '1', 'sale_type': 'sd', 'eliminate_type': 'all', 'date_type': 'h', 'date': '2020-12-18 12'}
经营分析-收订金额钻取
经营分析-收订订单量钻取
经营分析-收订包裹数钻取
经营分析-收订单均价钻取
经营分析-收订客单价钻取
 
查询条件 {'source': '4', 'platform': 'all', 'parent_platform': 'all', 'bd_id': '4', 'shop_type': '1', 'sale_type': 'zf', 'eliminate_type': 'all', 'date_type': 'h', 'date': '2020-12-18 12'}
经营分析-支付金额钻取
经营分析-支付订单量钻取
经营分析-支付包裹数钻取
经营分析-支付单均价钻取
经营分析-支付客单价钻取
 
查询条件 {'source': '4', 'platform': 'all', 'parent_platform': 'all', 'bd_id': '4', 'shop_type': '1', 'sale_type': 'ck', 'eliminate_type': 'all', 'date_type': 'h', 'date': '2020-12-18 12'}
经营分析-出库金额钻取
经营分析-出库订单量钻取
经营分析-出库包裹数钻取
经营分析-出库单均价钻取
经营分析-出库客单价钻取
 
查询条件 {'source': '4', 'platform': 'all', 'parent_platform': 'all', 'bd_id': '4', 'shop_type': '2', 'sale_type': 'sd', 'eliminate_type': 'all', 'date_type': 'h', 'date': '2020-12-18 12'}
经营分析-收订金额钻取
经营分析-收订订单量钻取
经营分析-收订包裹数钻取
经营分析-收订单均价钻取
经营分析-收订客单价钻取
 
查询条件 {'source': '4', 'platform': 'all', 'parent_platform': 'all', 'bd_id': '4', 'shop_type': '2', 'sale_type': 'zf', 'eliminate_type': 'all', 'date_type': 'h', 'date': '2020-12-18 12'}
经营分析-支付金额钻取
经营分析-支付订单量钻取
经营分析-支付包裹数钻取
经营分析-支付单均价钻取
经营分析-支付客单价钻取
 
查询条件 {'source': '4', 'platform': 'all', 'parent_platform': 'all', 'bd_id': '4', 'shop_type': '2', 'sale_type': 'ck', 'eliminate_type': 'all', 'date_type': 'h', 'date': '2020-12-18 12'}
经营分析-出库金额钻取
经营分析-出库订单量钻取
经营分析-出库包裹数钻取
经营分析-出库单均价钻取
经营分析-出库客单价钻取
